# JRE version: OpenJDK Runtime Environment (8.0_202-b03) (build 1.8.0_202-release-1483-b03)
# Java VM: OpenJDK 64-Bit Server VM (25.202-b03 mixed mode windows-amd64 compressed oops)
Heap:
 PSYoungGen      total 69120K, used 51651K [0x00000000e0000000, 0x00000000e4b00000, 0x0000000100000000)
  eden space 61440K, 71% used [0x00000000e0000000,0x00000000e2af58c8,0x00000000e3c00000)
  from space 7680K, 99% used [0x00000000e4380000,0x00000000e4afb3e8,0x00000000e4b00000)
  to   space 7168K, 0% used [0x00000000e3c00000,0x00000000e3c00000,0x00000000e4300000)
 ParOldGen       total 33792K, used 11095K [0x00000000a0000000, 0x00000000a2100000, 0x00000000e0000000)
  object space 33792K, 32% used [0x00000000a0000000,0x00000000a0ad5c50,0x00000000a2100000)
 Metaspace       used 33967K, capacity 34512K, committed 34816K, reserved 1079296K
  class space    used 4660K, capacity 4819K, committed 4864K, reserved 1048576K
GC Heap History (10 events):
Event: 17.573 GC heap before
{Heap before GC invocations=7 (full 0):
 PSYoungGen      total 36864K, used 36846K [0x00000000e0000000, 0x00000000e4a00000, 0x0000000100000000)
  eden space 30720K, 100% used [0x00000000e0000000,0x00000000e1e00000,0x00000000e1e00000)
  from space 6144K, 99% used [0x00000000e4400000,0x00000000e49fb880,0x00000000e4a00000)
  to   space 7168K, 0% used [0x00000000e3c00000,0x00000000e3c00000,0x00000000e4300000)
 ParOldGen       total 42496K, used 5861K [0x00000000a0000000, 0x00000000a2980000, 0x00000000e0000000)
  object space 42496K, 13% used [0x00000000a0000000,0x00000000a05b9758,0x00000000a2980000)
 Metaspace       used 18495K, capacity 18926K, committed 19200K, reserved 1064960K
  class space    used 2676K, capacity 2805K, committed 2816K, reserved 1048576K
Event: 17.592 GC heap after
Heap after GC invocations=7 (full 0):
 PSYoungGen      total 68608K, used 6212K [0x00000000e0000000, 0x00000000e4b00000, 0x0000000100000000)
  eden space 61440K, 0% used [0x00000000e0000000,0x00000000e0000000,0x00000000e3c00000)
  from space 7168K, 86% used [0x00000000e3c00000,0x00000000e42112e0,0x00000000e4300000)
  to   space 7680K, 0% used [0x00000000e4380000,0x00000000e4380000,0x00000000e4b00000)
 ParOldGen       total 42496K, used 6669K [0x00000000a0000000, 0x00000000a2980000, 0x00000000e0000000)
  object space 42496K, 15% used [0x00000000a0000000,0x00000000a0683778,0x00000000a2980000)
 Metaspace       used 18495K, capacity 18926K, committed 19200K, reserved 1064960K
  class space    used 2676K, capacity 2805K, committed 2816K, reserved 1048576K
}
Event: 18.372 GC heap before
{Heap before GC invocations=8 (full 0):
 PSYoungGen      total 68608K, used 22397K [0x00000000e0000000, 0x00000000e4b00000, 0x0000000100000000)
  eden space 61440K, 26% used [0x00000000e0000000,0x00000000e0fce508,0x00000000e3c00000)
  from space 7168K, 86% used [0x00000000e3c00000,0x00000000e42112e0,0x00000000e4300000)
  to   space 7680K, 0% used [0x00000000e4380000,0x00000000e4380000,0x00000000e4b00000)
 ParOldGen       total 42496K, used 6669K [0x00000000a0000000, 0x00000000a2980000, 0x00000000e0000000)
  object space 42496K, 15% used [0x00000000a0000000,0x00000000a0683778,0x00000000a2980000)
 Metaspace       used 20722K, capacity 21108K, committed 21248K, reserved 1067008K
  class space    used 2914K, capacity 3062K, committed 3072K, reserved 1048576K
Event: 18.384 GC heap after
Heap after GC invocations=8 (full 0):
 PSYoungGen      total 69120K, used 5179K [0x00000000e0000000, 0x00000000e4b00000, 0x0000000100000000)
  eden space 61440K, 0% used [0x00000000e0000000,0x00000000e0000000,0x00000000e3c00000)
  from space 7680K, 67% used [0x00000000e4380000,0x00000000e488ee10,0x00000000e4b00000)
  to   space 7168K, 0% used [0x00000000e3c00000,0x00000000e3c00000,0x00000000e4300000)
 ParOldGen       total 42496K, used 7469K [0x00000000a0000000, 0x00000000a2980000, 0x00000000e0000000)
  object space 42496K, 17% used [0x00000000a0000000,0x00000000a074b798,0x00000000a2980000)
 Metaspace       used 20722K, capacity 21108K, committed 21248K, reserved 1067008K
  class space    used 2914K, capacity 3062K, committed 3072K, reserved 1048576K
}
Event: 18.384 GC heap before
{Heap before GC invocations=9 (full 1):
 PSYoungGen      total 69120K, used 5179K [0x00000000e0000000, 0x00000000e4b00000, 0x0000000100000000)
  eden space 61440K, 0% used [0x00000000e0000000,0x00000000e0000000,0x00000000e3c00000)
  from space 7680K, 67% used [0x00000000e4380000,0x00000000e488ee10,0x00000000e4b00000)
  to   space 7168K, 0% used [0x00000000e3c00000,0x00000000e3c00000,0x00000000e4300000)
 ParOldGen       total 42496K, used 7469K [0x00000000a0000000, 0x00000000a2980000, 0x00000000e0000000)
  object space 42496K, 17% used [0x00000000a0000000,0x00000000a074b798,0x00000000a2980000)
 Metaspace       used 20722K, capacity 21108K, committed 21248K, reserved 1067008K
  class space    used 2914K, capacity 3062K, committed 3072K, reserved 1048576K
Event: 18.468 GC heap after
Heap after GC invocations=9 (full 1):
 PSYoungGen      total 69120K, used 0K [0x00000000e0000000, 0x00000000e4b00000, 0x0000000100000000)
  eden space 61440K, 0% used [0x00000000e0000000,0x00000000e0000000,0x00000000e3c00000)
  from space 7680K, 0% used [0x00000000e4380000,0x00000000e4380000,0x00000000e4b00000)
  to   space 7168K, 0% used [0x00000000e3c00000,0x00000000e3c00000,0x00000000e4300000)
 ParOldGen       total 33792K, used 10555K [0x00000000a0000000, 0x00000000a2100000, 0x00000000e0000000)
  object space 33792K, 31% used [0x00000000a0000000,0x00000000a0a4ed98,0x00000000a2100000)
 Metaspace       used 20722K, capacity 21108K, committed 21248K, reserved 1067008K
  class space    used 2914K, capacity 3062K, committed 3072K, reserved 1048576K
}
Event: 21.439 GC heap before
{Heap before GC invocations=10 (full 1):
 PSYoungGen      total 69120K, used 61440K [0x00000000e0000000, 0x00000000e4b00000, 0x0000000100000000)
  eden space 61440K, 100% used [0x00000000e0000000,0x00000000e3c00000,0x00000000e3c00000)
  from space 7680K, 0% used [0x00000000e4380000,0x00000000e4380000,0x00000000e4b00000)
  to   space 7168K, 0% used [0x00000000e3c00000,0x00000000e3c00000,0x00000000e4300000)
 ParOldGen       total 33792K, used 10555K [0x00000000a0000000, 0x00000000a2100000, 0x00000000e0000000)
  object space 33792K, 31% used [0x00000000a0000000,0x00000000a0a4ed98,0x00000000a2100000)
 Metaspace       used 28463K, capacity 28872K, committed 29440K, reserved 1075200K
  class space    used 3819K, capacity 3975K, committed 4096K, reserved 1048576K
Event: 21.452 GC heap after
Heap after GC invocations=10 (full 1):
 PSYoungGen      total 68608K, used 7142K [0x00000000e0000000, 0x00000000e4b00000, 0x0000000100000000)
  eden space 61440K, 0% used [0x00000000e0000000,0x00000000e0000000,0x00000000e3c00000)
  from space 7168K, 99% used [0x00000000e3c00000,0x00000000e42f9810,0x00000000e4300000)
  to   space 7680K, 0% used [0x00000000e4380000,0x00000000e4380000,0x00000000e4b00000)
 ParOldGen       total 33792K, used 10745K [0x00000000a0000000, 0x00000000a2100000, 0x00000000e0000000)
  object space 33792K, 31% used [0x00000000a0000000,0x00000000a0a7e4b8,0x00000000a2100000)
 Metaspace       used 28463K, capacity 28872K, committed 29440K, reserved 1075200K
  class space    used 3819K, capacity 3975K, committed 4096K, reserved 1048576K
}
Event: 22.929 GC heap before
{Heap before GC invocations=11 (full 1):
 PSYoungGen      total 68608K, used 68582K [0x00000000e0000000, 0x00000000e4b00000, 0x0000000100000000)
  eden space 61440K, 100% used [0x00000000e0000000,0x00000000e3c00000,0x00000000e3c00000)
  from space 7168K, 99% used [0x00000000e3c00000,0x00000000e42f9810,0x00000000e4300000)
  to   space 7680K, 0% used [0x00000000e4380000,0x00000000e4380000,0x00000000e4b00000)
 ParOldGen       total 33792K, used 10745K [0x00000000a0000000, 0x00000000a2100000, 0x00000000e0000000)
  object space 33792K, 31% used [0x00000000a0000000,0x00000000a0a7e4b8,0x00000000a2100000)
 Metaspace       used 31569K, capacity 31980K, committed 32512K, reserved 1077248K
  class space    used 4344K, capacity 4499K, committed 4608K, reserved 1048576K
Event: 22.967 GC heap after
Heap after GC invocations=11 (full 1):
 PSYoungGen      total 69120K, used 7660K [0x00000000e0000000, 0x00000000e4b00000, 0x0000000100000000)
  eden space 61440K, 0% used [0x00000000e0000000,0x00000000e0000000,0x00000000e3c00000)
  from space 7680K, 99% used [0x00000000e4380000,0x00000000e4afb3e8,0x00000000e4b00000)
  to   space 7168K, 0% used [0x00000000e3c00000,0x00000000e3c00000,0x00000000e4300000)
 ParOldGen       total 33792K, used 11095K [0x00000000a0000000, 0x00000000a2100000, 0x00000000e0000000)
  object space 33792K, 32% used [0x00000000a0000000,0x00000000a0ad5c50,0x00000000a2100000)
 Metaspace       used 31569K, capacity 31980K, committed 32512K, reserved 1077248K
  class space    used 4344K, capacity 4499K, committed 4608K, reserved 1048576K
}

