# JRE version: OpenJDK Runtime Environment (8.0_202-b03) (build 1.8.0_202-release-1483-b03)
# Java VM: OpenJDK 64-Bit Server VM (25.202-b03 mixed mode windows-amd64 compressed oops)
Heap:
 PSYoungGen      total 237568K, used 73192K [0x00000000e0000000, 0x00000000f0a80000, 0x0000000100000000)
  eden space 216576K, 24% used [0x00000000e0000000,0x00000000e32fbb18,0x00000000ed380000)
  from space 20992K, 99% used [0x00000000ed380000,0x00000000ee7fe5c8,0x00000000ee800000)
  to   space 27136K, 0% used [0x00000000ef000000,0x00000000ef000000,0x00000000f0a80000)
 ParOldGen       total 89088K, used 44647K [0x00000000a0000000, 0x00000000a5700000, 0x00000000e0000000)
  object space 89088K, 50% used [0x00000000a0000000,0x00000000a2b99da8,0x00000000a5700000)
 Metaspace       used 72411K, capacity 75508K, committed 75648K, reserved 1114112K
  class space    used 9439K, capacity 10063K, committed 10112K, reserved 1048576K
GC Heap History (10 events):
Event: 42.980 GC heap before
{Heap before GC invocations=14 (full 2):
 PSYoungGen      total 159232K, used 153128K [0x00000000e0000000, 0x00000000ed680000, 0x0000000100000000)
  eden space 146944K, 95% used [0x00000000e0000000,0x00000000e898fb10,0x00000000e8f80000)
  from space 12288K, 99% used [0x00000000e8f80000,0x00000000e9b7a680,0x00000000e9b80000)
  to   space 16384K, 0% used [0x00000000ec680000,0x00000000ec680000,0x00000000ed680000)
 ParOldGen       total 52224K, used 22091K [0x00000000a0000000, 0x00000000a3300000, 0x00000000e0000000)
  object space 52224K, 42% used [0x00000000a0000000,0x00000000a1592ec8,0x00000000a3300000)
 Metaspace       used 56990K, capacity 58966K, committed 59096K, reserved 1099776K
  class space    used 7767K, capacity 8194K, committed 8320K, reserved 1048576K
Event: 43.056 GC heap after
Heap after GC invocations=14 (full 2):
 PSYoungGen      total 201728K, used 12892K [0x00000000e0000000, 0x00000000ed700000, 0x0000000100000000)
  eden space 185344K, 0% used [0x00000000e0000000,0x00000000e0000000,0x00000000eb500000)
  from space 16384K, 78% used [0x00000000ec680000,0x00000000ed317120,0x00000000ed680000)
  to   space 17408K, 0% used [0x00000000eb500000,0x00000000eb500000,0x00000000ec600000)
 ParOldGen       total 52224K, used 31605K [0x00000000a0000000, 0x00000000a3300000, 0x00000000e0000000)
  object space 52224K, 60% used [0x00000000a0000000,0x00000000a1edd790,0x00000000a3300000)
 Metaspace       used 56990K, capacity 58966K, committed 59096K, reserved 1099776K
  class space    used 7767K, capacity 8194K, committed 8320K, reserved 1048576K
}
Event: 43.056 GC heap before
{Heap before GC invocations=15 (full 3):
 PSYoungGen      total 201728K, used 12892K [0x00000000e0000000, 0x00000000ed700000, 0x0000000100000000)
  eden space 185344K, 0% used [0x00000000e0000000,0x00000000e0000000,0x00000000eb500000)
  from space 16384K, 78% used [0x00000000ec680000,0x00000000ed317120,0x00000000ed680000)
  to   space 17408K, 0% used [0x00000000eb500000,0x00000000eb500000,0x00000000ec600000)
 ParOldGen       total 52224K, used 31605K [0x00000000a0000000, 0x00000000a3300000, 0x00000000e0000000)
  object space 52224K, 60% used [0x00000000a0000000,0x00000000a1edd790,0x00000000a3300000)
 Metaspace       used 56990K, capacity 58966K, committed 59096K, reserved 1099776K
  class space    used 7767K, capacity 8194K, committed 8320K, reserved 1048576K
Event: 43.565 GC heap after
Heap after GC invocations=15 (full 3):
 PSYoungGen      total 201728K, used 0K [0x00000000e0000000, 0x00000000ed700000, 0x0000000100000000)
  eden space 185344K, 0% used [0x00000000e0000000,0x00000000e0000000,0x00000000eb500000)
  from space 16384K, 0% used [0x00000000ec680000,0x00000000ec680000,0x00000000ed680000)
  to   space 17408K, 0% used [0x00000000eb500000,0x00000000eb500000,0x00000000ec600000)
 ParOldGen       total 89088K, used 36534K [0x00000000a0000000, 0x00000000a5700000, 0x00000000e0000000)
  object space 89088K, 41% used [0x00000000a0000000,0x00000000a23adbf0,0x00000000a5700000)
 Metaspace       used 56990K, capacity 58966K, committed 59096K, reserved 1099776K
  class space    used 7767K, capacity 8194K, committed 8320K, reserved 1048576K
}
Event: 56.848 GC heap before
{Heap before GC invocations=16 (full 3):
 PSYoungGen      total 201728K, used 185344K [0x00000000e0000000, 0x00000000ed700000, 0x0000000100000000)
  eden space 185344K, 100% used [0x00000000e0000000,0x00000000eb500000,0x00000000eb500000)
  from space 16384K, 0% used [0x00000000ec680000,0x00000000ec680000,0x00000000ed680000)
  to   space 17408K, 0% used [0x00000000eb500000,0x00000000eb500000,0x00000000ec600000)
 ParOldGen       total 89088K, used 36534K [0x00000000a0000000, 0x00000000a5700000, 0x00000000e0000000)
  object space 89088K, 41% used [0x00000000a0000000,0x00000000a23adbf0,0x00000000a5700000)
 Metaspace       used 64740K, capacity 67338K, committed 67584K, reserved 1107968K
  class space    used 8804K, capacity 9366K, committed 9472K, reserved 1048576K
Event: 56.900 GC heap after
Heap after GC invocations=16 (full 3):
 PSYoungGen      total 202752K, used 14908K [0x00000000e0000000, 0x00000000eff00000, 0x0000000100000000)
  eden space 185344K, 0% used [0x00000000e0000000,0x00000000e0000000,0x00000000eb500000)
  from space 17408K, 85% used [0x00000000eb500000,0x00000000ec38f248,0x00000000ec600000)
  to   space 18944K, 0% used [0x00000000eec80000,0x00000000eec80000,0x00000000eff00000)
 ParOldGen       total 89088K, used 36534K [0x00000000a0000000, 0x00000000a5700000, 0x00000000e0000000)
  object space 89088K, 41% used [0x00000000a0000000,0x00000000a23adbf0,0x00000000a5700000)
 Metaspace       used 64740K, capacity 67338K, committed 67584K, reserved 1107968K
  class space    used 8804K, capacity 9366K, committed 9472K, reserved 1048576K
}
Event: 8048.043 GC heap before
{Heap before GC invocations=17 (full 3):
 PSYoungGen      total 202752K, used 200252K [0x00000000e0000000, 0x00000000eff00000, 0x0000000100000000)
  eden space 185344K, 100% used [0x00000000e0000000,0x00000000eb500000,0x00000000eb500000)
  from space 17408K, 85% used [0x00000000eb500000,0x00000000ec38f248,0x00000000ec600000)
  to   space 18944K, 0% used [0x00000000eec80000,0x00000000eec80000,0x00000000eff00000)
 ParOldGen       total 89088K, used 36534K [0x00000000a0000000, 0x00000000a5700000, 0x00000000e0000000)
  object space 89088K, 41% used [0x00000000a0000000,0x00000000a23adbf0,0x00000000a5700000)
 Metaspace       used 70162K, capacity 72980K, committed 73088K, reserved 1112064K
  class space    used 9214K, capacity 9783K, committed 9856K, reserved 1048576K
Event: 8050.029 GC heap after
Heap after GC invocations=17 (full 3):
 PSYoungGen      total 194560K, used 16363K [0x00000000e0000000, 0x00000000efc80000, 0x0000000100000000)
  eden space 178176K, 0% used [0x00000000e0000000,0x00000000e0000000,0x00000000eae00000)
  from space 16384K, 99% used [0x00000000eec80000,0x00000000efc7ac00,0x00000000efc80000)
  to   space 20992K, 0% used [0x00000000ed380000,0x00000000ed380000,0x00000000ee800000)
 ParOldGen       total 89088K, used 36542K [0x00000000a0000000, 0x00000000a5700000, 0x00000000e0000000)
  object space 89088K, 41% used [0x00000000a0000000,0x00000000a23afbf0,0x00000000a5700000)
 Metaspace       used 70162K, capacity 72980K, committed 73088K, reserved 1112064K
  class space    used 9214K, capacity 9783K, committed 9856K, reserved 1048576K
}
Event: 8129.468 GC heap before
{Heap before GC invocations=18 (full 3):
 PSYoungGen      total 194560K, used 194539K [0x00000000e0000000, 0x00000000efc80000, 0x0000000100000000)
  eden space 178176K, 100% used [0x00000000e0000000,0x00000000eae00000,0x00000000eae00000)
  from space 16384K, 99% used [0x00000000eec80000,0x00000000efc7ac00,0x00000000efc80000)
  to   space 20992K, 0% used [0x00000000ed380000,0x00000000ed380000,0x00000000ee800000)
 ParOldGen       total 89088K, used 36542K [0x00000000a0000000, 0x00000000a5700000, 0x00000000e0000000)
  object space 89088K, 41% used [0x00000000a0000000,0x00000000a23afbf0,0x00000000a5700000)
 Metaspace       used 72031K, capacity 74988K, committed 75136K, reserved 1114112K
  class space    used 9389K, capacity 10003K, committed 10112K, reserved 1048576K
Event: 8131.224 GC heap after
Heap after GC invocations=18 (full 3):
 PSYoungGen      total 237568K, used 20985K [0x00000000e0000000, 0x00000000f0a80000, 0x0000000100000000)
  eden space 216576K, 0% used [0x00000000e0000000,0x00000000e0000000,0x00000000ed380000)
  from space 20992K, 99% used [0x00000000ed380000,0x00000000ee7fe5c8,0x00000000ee800000)
  to   space 27136K, 0% used [0x00000000ef000000,0x00000000ef000000,0x00000000f0a80000)
 ParOldGen       total 89088K, used 44647K [0x00000000a0000000, 0x00000000a5700000, 0x00000000e0000000)
  object space 89088K, 50% used [0x00000000a0000000,0x00000000a2b99da8,0x00000000a5700000)
 Metaspace       used 72031K, capacity 74988K, committed 75136K, reserved 1114112K
  class space    used 9389K, capacity 10003K, committed 10112K, reserved 1048576K
}

