# JRE version: OpenJDK Runtime Environment (8.0_202-b03) (build 1.8.0_202-release-1483-b03)
# Java VM: OpenJDK 64-Bit Server VM (25.202-b03 mixed mode windows-amd64 compressed oops)
Heap:
 PSYoungGen      total 94208K, used 40292K [0x00000000e0000000, 0x00000000e7080000, 0x0000000100000000)
  eden space 87040K, 38% used [0x00000000e0000000,0x00000000e2060d90,0x00000000e5500000)
  from space 7168K, 99% used [0x00000000e6980000,0x00000000e70783a0,0x00000000e7080000)
  to   space 8192K, 0% used [0x00000000e6080000,0x00000000e6080000,0x00000000e6880000)
 ParOldGen       total 33792K, used 10223K [0x00000000a0000000, 0x00000000a2100000, 0x00000000e0000000)
  object space 33792K, 30% used [0x00000000a0000000,0x00000000a09fbd70,0x00000000a2100000)
 Metaspace       used 30096K, capacity 30680K, committed 30848K, reserved 1075200K
  class space    used 4179K, capacity 4371K, committed 4480K, reserved 1048576K
GC Heap History (10 events):
Event: 5.196 GC heap before
{Heap before GC invocations=7 (full 0):
 PSYoungGen      total 36864K, used 35919K [0x00000000e0000000, 0x00000000e2900000, 0x0000000100000000)
  eden space 31744K, 100% used [0x00000000e0000000,0x00000000e1f00000,0x00000000e1f00000)
  from space 5120K, 81% used [0x00000000e2400000,0x00000000e2813f98,0x00000000e2900000)
  to   space 5120K, 0% used [0x00000000e1f00000,0x00000000e1f00000,0x00000000e2400000)
 ParOldGen       total 42496K, used 4271K [0x00000000a0000000, 0x00000000a2980000, 0x00000000e0000000)
  object space 42496K, 10% used [0x00000000a0000000,0x00000000a042bc88,0x00000000a2980000)
 Metaspace       used 15718K, capacity 16160K, committed 16256K, reserved 1062912K
  class space    used 2238K, capacity 2392K, committed 2432K, reserved 1048576K
Event: 5.223 GC heap after
Heap after GC invocations=7 (full 0):
 PSYoungGen      total 36864K, used 5103K [0x00000000e0000000, 0x00000000e4b00000, 0x0000000100000000)
  eden space 31744K, 0% used [0x00000000e0000000,0x00000000e0000000,0x00000000e1f00000)
  from space 5120K, 99% used [0x00000000e1f00000,0x00000000e23fbdc8,0x00000000e2400000)
  to   space 6656K, 0% used [0x00000000e4480000,0x00000000e4480000,0x00000000e4b00000)
 ParOldGen       total 42496K, used 5834K [0x00000000a0000000, 0x00000000a2980000, 0x00000000e0000000)
  object space 42496K, 13% used [0x00000000a0000000,0x00000000a05b2bc0,0x00000000a2980000)
 Metaspace       used 15718K, capacity 16160K, committed 16256K, reserved 1062912K
  class space    used 2238K, capacity 2392K, committed 2432K, reserved 1048576K
}
Event: 7.125 GC heap before
{Heap before GC invocations=8 (full 0):
 PSYoungGen      total 36864K, used 36847K [0x00000000e0000000, 0x00000000e4b00000, 0x0000000100000000)
  eden space 31744K, 100% used [0x00000000e0000000,0x00000000e1f00000,0x00000000e1f00000)
  from space 5120K, 99% used [0x00000000e1f00000,0x00000000e23fbdc8,0x00000000e2400000)
  to   space 6656K, 0% used [0x00000000e4480000,0x00000000e4480000,0x00000000e4b00000)
 ParOldGen       total 42496K, used 5834K [0x00000000a0000000, 0x00000000a2980000, 0x00000000e0000000)
  object space 42496K, 13% used [0x00000000a0000000,0x00000000a05b2bc0,0x00000000a2980000)
 Metaspace       used 18699K, capacity 19226K, committed 19328K, reserved 1064960K
  class space    used 2711K, capacity 2929K, committed 2944K, reserved 1048576K
Event: 7.140 GC heap after
Heap after GC invocations=8 (full 0):
 PSYoungGen      total 69632K, used 5859K [0x00000000e0000000, 0x00000000e4c00000, 0x0000000100000000)
  eden space 62976K, 0% used [0x00000000e0000000,0x00000000e0000000,0x00000000e3d80000)
  from space 6656K, 88% used [0x00000000e4480000,0x00000000e4a38e28,0x00000000e4b00000)
  to   space 7168K, 0% used [0x00000000e3d80000,0x00000000e3d80000,0x00000000e4480000)
 ParOldGen       total 42496K, used 6698K [0x00000000a0000000, 0x00000000a2980000, 0x00000000e0000000)
  object space 42496K, 15% used [0x00000000a0000000,0x00000000a068abe0,0x00000000a2980000)
 Metaspace       used 18699K, capacity 19226K, committed 19328K, reserved 1064960K
  class space    used 2711K, capacity 2929K, committed 2944K, reserved 1048576K
}
Event: 7.767 GC heap before
{Heap before GC invocations=9 (full 0):
 PSYoungGen      total 69632K, used 22269K [0x00000000e0000000, 0x00000000e4c00000, 0x0000000100000000)
  eden space 62976K, 26% used [0x00000000e0000000,0x00000000e10066f0,0x00000000e3d80000)
  from space 6656K, 88% used [0x00000000e4480000,0x00000000e4a38e28,0x00000000e4b00000)
  to   space 7168K, 0% used [0x00000000e3d80000,0x00000000e3d80000,0x00000000e4480000)
 ParOldGen       total 42496K, used 6698K [0x00000000a0000000, 0x00000000a2980000, 0x00000000e0000000)
  object space 42496K, 15% used [0x00000000a0000000,0x00000000a068abe0,0x00000000a2980000)
 Metaspace       used 20713K, capacity 21160K, committed 21296K, reserved 1067008K
  class space    used 2951K, capacity 3125K, committed 3200K, reserved 1048576K
Event: 7.779 GC heap after
Heap after GC invocations=9 (full 0):
 PSYoungGen      total 70144K, used 4901K [0x00000000e0000000, 0x00000000e7080000, 0x0000000100000000)
  eden space 62976K, 0% used [0x00000000e0000000,0x00000000e0000000,0x00000000e3d80000)
  from space 7168K, 68% used [0x00000000e3d80000,0x00000000e42495e0,0x00000000e4480000)
  to   space 7168K, 0% used [0x00000000e6980000,0x00000000e6980000,0x00000000e7080000)
 ParOldGen       total 42496K, used 7627K [0x00000000a0000000, 0x00000000a2980000, 0x00000000e0000000)
  object space 42496K, 17% used [0x00000000a0000000,0x00000000a0772c30,0x00000000a2980000)
 Metaspace       used 20713K, capacity 21160K, committed 21296K, reserved 1067008K
  class space    used 2951K, capacity 3125K, committed 3200K, reserved 1048576K
}
Event: 7.779 GC heap before
{Heap before GC invocations=10 (full 1):
 PSYoungGen      total 70144K, used 4901K [0x00000000e0000000, 0x00000000e7080000, 0x0000000100000000)
  eden space 62976K, 0% used [0x00000000e0000000,0x00000000e0000000,0x00000000e3d80000)
  from space 7168K, 68% used [0x00000000e3d80000,0x00000000e42495e0,0x00000000e4480000)
  to   space 7168K, 0% used [0x00000000e6980000,0x00000000e6980000,0x00000000e7080000)
 ParOldGen       total 42496K, used 7627K [0x00000000a0000000, 0x00000000a2980000, 0x00000000e0000000)
  object space 42496K, 17% used [0x00000000a0000000,0x00000000a0772c30,0x00000000a2980000)
 Metaspace       used 20713K, capacity 21160K, committed 21296K, reserved 1067008K
  class space    used 2951K, capacity 3125K, committed 3200K, reserved 1048576K
Event: 7.859 GC heap after
Heap after GC invocations=10 (full 1):
 PSYoungGen      total 70144K, used 0K [0x00000000e0000000, 0x00000000e7080000, 0x0000000100000000)
  eden space 62976K, 0% used [0x00000000e0000000,0x00000000e0000000,0x00000000e3d80000)
  from space 7168K, 0% used [0x00000000e3d80000,0x00000000e3d80000,0x00000000e4480000)
  to   space 7168K, 0% used [0x00000000e6980000,0x00000000e6980000,0x00000000e7080000)
 ParOldGen       total 33792K, used 10064K [0x00000000a0000000, 0x00000000a2100000, 0x00000000e0000000)
  object space 33792K, 29% used [0x00000000a0000000,0x00000000a09d41f8,0x00000000a2100000)
 Metaspace       used 20713K, capacity 21160K, committed 21296K, reserved 1067008K
  class space    used 2951K, capacity 3125K, committed 3200K, reserved 1048576K
}
Event: 9.843 GC heap before
{Heap before GC invocations=11 (full 1):
 PSYoungGen      total 70144K, used 62976K [0x00000000e0000000, 0x00000000e7080000, 0x0000000100000000)
  eden space 62976K, 100% used [0x00000000e0000000,0x00000000e3d80000,0x00000000e3d80000)
  from space 7168K, 0% used [0x00000000e3d80000,0x00000000e3d80000,0x00000000e4480000)
  to   space 7168K, 0% used [0x00000000e6980000,0x00000000e6980000,0x00000000e7080000)
 ParOldGen       total 33792K, used 10064K [0x00000000a0000000, 0x00000000a2100000, 0x00000000e0000000)
  object space 33792K, 29% used [0x00000000a0000000,0x00000000a09d41f8,0x00000000a2100000)
 Metaspace       used 28065K, capacity 28612K, committed 28928K, reserved 1075200K
  class space    used 3843K, capacity 4029K, committed 4096K, reserved 1048576K
Event: 9.869 GC heap after
Heap after GC invocations=11 (full 1):
 PSYoungGen      total 94208K, used 7136K [0x00000000e0000000, 0x00000000e7080000, 0x0000000100000000)
  eden space 87040K, 0% used [0x00000000e0000000,0x00000000e0000000,0x00000000e5500000)
  from space 7168K, 99% used [0x00000000e6980000,0x00000000e70783a0,0x00000000e7080000)
  to   space 8192K, 0% used [0x00000000e6080000,0x00000000e6080000,0x00000000e6880000)
 ParOldGen       total 33792K, used 10223K [0x00000000a0000000, 0x00000000a2100000, 0x00000000e0000000)
  object space 33792K, 30% used [0x00000000a0000000,0x00000000a09fbd70,0x00000000a2100000)
 Metaspace       used 28065K, capacity 28612K, committed 28928K, reserved 1075200K
  class space    used 3843K, capacity 4029K, committed 4096K, reserved 1048576K
}

