# JRE version: OpenJDK Runtime Environment (8.0_202-b03) (build 1.8.0_202-release-1483-b03)
# Java VM: OpenJDK 64-Bit Server VM (25.202-b03 mixed mode windows-amd64 compressed oops)
Heap:
 PSYoungGen      total 65536K, used 16320K [0x00000000e0000000, 0x00000000e7580000, 0x0000000100000000)
  eden space 59392K, 17% used [0x00000000e0000000,0x00000000e09f13d8,0x00000000e3a00000)
  from space 6144K, 99% used [0x00000000e4400000,0x00000000e49fee20,0x00000000e4a00000)
  to   space 10240K, 0% used [0x00000000e3a00000,0x00000000e3a00000,0x00000000e4400000)
 ParOldGen       total 39424K, used 14707K [0x00000000a0000000, 0x00000000a2680000, 0x00000000e0000000)
  object space 39424K, 37% used [0x00000000a0000000,0x00000000a0e5cf48,0x00000000a2680000)
 Metaspace       used 28769K, capacity 29392K, committed 29568K, reserved 1075200K
  class space    used 3952K, capacity 4159K, committed 4224K, reserved 1048576K
GC Heap History (10 events):
Event: 5.598 GC heap before
{Heap before GC invocations=5 (full 0):
 PSYoungGen      total 34304K, used 34288K [0x00000000e0000000, 0x00000000e2400000, 0x0000000100000000)
  eden space 31744K, 100% used [0x00000000e0000000,0x00000000e1f00000,0x00000000e1f00000)
  from space 2560K, 99% used [0x00000000e2180000,0x00000000e23fc010,0x00000000e2400000)
  to   space 2560K, 0% used [0x00000000e1f00000,0x00000000e1f00000,0x00000000e2180000)
 ParOldGen       total 42496K, used 1886K [0x00000000a0000000, 0x00000000a2980000, 0x00000000e0000000)
  object space 42496K, 4% used [0x00000000a0000000,0x00000000a01d78d0,0x00000000a2980000)
 Metaspace       used 13000K, capacity 13386K, committed 13568K, reserved 1060864K
  class space    used 1789K, capacity 1931K, committed 2048K, reserved 1048576K
Event: 5.613 GC heap after
Heap after GC invocations=5 (full 0):
 PSYoungGen      total 34304K, used 2528K [0x00000000e0000000, 0x00000000e4a00000, 0x0000000100000000)
  eden space 31744K, 0% used [0x00000000e0000000,0x00000000e0000000,0x00000000e1f00000)
  from space 2560K, 98% used [0x00000000e1f00000,0x00000000e2178040,0x00000000e2180000)
  to   space 6144K, 0% used [0x00000000e4400000,0x00000000e4400000,0x00000000e4a00000)
 ParOldGen       total 42496K, used 5578K [0x00000000a0000000, 0x00000000a2980000, 0x00000000e0000000)
  object space 42496K, 13% used [0x00000000a0000000,0x00000000a0572b00,0x00000000a2980000)
 Metaspace       used 13000K, capacity 13386K, committed 13568K, reserved 1060864K
  class space    used 1789K, capacity 1931K, committed 2048K, reserved 1048576K
}
Event: 6.846 GC heap before
{Heap before GC invocations=6 (full 0):
 PSYoungGen      total 34304K, used 34272K [0x00000000e0000000, 0x00000000e4a00000, 0x0000000100000000)
  eden space 31744K, 100% used [0x00000000e0000000,0x00000000e1f00000,0x00000000e1f00000)
  from space 2560K, 98% used [0x00000000e1f00000,0x00000000e2178040,0x00000000e2180000)
  to   space 6144K, 0% used [0x00000000e4400000,0x00000000e4400000,0x00000000e4a00000)
 ParOldGen       total 42496K, used 5578K [0x00000000a0000000, 0x00000000a2980000, 0x00000000e0000000)
  object space 42496K, 13% used [0x00000000a0000000,0x00000000a0572b00,0x00000000a2980000)
 Metaspace       used 15684K, capacity 16128K, committed 16256K, reserved 1062912K
  class space    used 2231K, capacity 2360K, committed 2432K, reserved 1048576K
Event: 6.880 GC heap after
Heap after GC invocations=6 (full 0):
 PSYoungGen      total 68608K, used 6118K [0x00000000e0000000, 0x00000000e4c00000, 0x0000000100000000)
  eden space 62464K, 0% used [0x00000000e0000000,0x00000000e0000000,0x00000000e3d00000)
  from space 6144K, 99% used [0x00000000e4400000,0x00000000e49f9b58,0x00000000e4a00000)
  to   space 7168K, 0% used [0x00000000e3d00000,0x00000000e3d00000,0x00000000e4400000)
 ParOldGen       total 42496K, used 5945K [0x00000000a0000000, 0x00000000a2980000, 0x00000000e0000000)
  object space 42496K, 13% used [0x00000000a0000000,0x00000000a05ce6e8,0x00000000a2980000)
 Metaspace       used 15684K, capacity 16128K, committed 16256K, reserved 1062912K
  class space    used 2231K, capacity 2360K, committed 2432K, reserved 1048576K
}
Event: 13.622 GC heap before
{Heap before GC invocations=7 (full 0):
 PSYoungGen      total 68608K, used 56703K [0x00000000e0000000, 0x00000000e4c00000, 0x0000000100000000)
  eden space 62464K, 80% used [0x00000000e0000000,0x00000000e3166200,0x00000000e3d00000)
  from space 6144K, 99% used [0x00000000e4400000,0x00000000e49f9b58,0x00000000e4a00000)
  to   space 7168K, 0% used [0x00000000e3d00000,0x00000000e3d00000,0x00000000e4400000)
 ParOldGen       total 42496K, used 5945K [0x00000000a0000000, 0x00000000a2980000, 0x00000000e0000000)
  object space 42496K, 13% used [0x00000000a0000000,0x00000000a05ce6e8,0x00000000a2980000)
 Metaspace       used 20701K, capacity 21160K, committed 21296K, reserved 1067008K
  class space    used 2958K, capacity 3125K, committed 3200K, reserved 1048576K
Event: 13.647 GC heap after
Heap after GC invocations=7 (full 0):
 PSYoungGen      total 69632K, used 7136K [0x00000000e0000000, 0x00000000e4c00000, 0x0000000100000000)
  eden space 62464K, 0% used [0x00000000e0000000,0x00000000e0000000,0x00000000e3d00000)
  from space 7168K, 99% used [0x00000000e3d00000,0x00000000e43f8198,0x00000000e4400000)
  to   space 6144K, 0% used [0x00000000e4400000,0x00000000e4400000,0x00000000e4a00000)
 ParOldGen       total 42496K, used 8741K [0x00000000a0000000, 0x00000000a2980000, 0x00000000e0000000)
  object space 42496K, 20% used [0x00000000a0000000,0x00000000a0889490,0x00000000a2980000)
 Metaspace       used 20701K, capacity 21160K, committed 21296K, reserved 1067008K
  class space    used 2958K, capacity 3125K, committed 3200K, reserved 1048576K
}
Event: 13.647 GC heap before
{Heap before GC invocations=8 (full 1):
 PSYoungGen      total 69632K, used 7136K [0x00000000e0000000, 0x00000000e4c00000, 0x0000000100000000)
  eden space 62464K, 0% used [0x00000000e0000000,0x00000000e0000000,0x00000000e3d00000)
  from space 7168K, 99% used [0x00000000e3d00000,0x00000000e43f8198,0x00000000e4400000)
  to   space 6144K, 0% used [0x00000000e4400000,0x00000000e4400000,0x00000000e4a00000)
 ParOldGen       total 42496K, used 8741K [0x00000000a0000000, 0x00000000a2980000, 0x00000000e0000000)
  object space 42496K, 20% used [0x00000000a0000000,0x00000000a0889490,0x00000000a2980000)
 Metaspace       used 20701K, capacity 21160K, committed 21296K, reserved 1067008K
  class space    used 2958K, capacity 3125K, committed 3200K, reserved 1048576K
Event: 13.749 GC heap after
Heap after GC invocations=8 (full 1):
 PSYoungGen      total 69632K, used 0K [0x00000000e0000000, 0x00000000e4c00000, 0x0000000100000000)
  eden space 62464K, 0% used [0x00000000e0000000,0x00000000e0000000,0x00000000e3d00000)
  from space 7168K, 0% used [0x00000000e3d00000,0x00000000e3d00000,0x00000000e4400000)
  to   space 6144K, 0% used [0x00000000e4400000,0x00000000e4400000,0x00000000e4a00000)
 ParOldGen       total 39424K, used 13554K [0x00000000a0000000, 0x00000000a2680000, 0x00000000e0000000)
  object space 39424K, 34% used [0x00000000a0000000,0x00000000a0d3c800,0x00000000a2680000)
 Metaspace       used 20701K, capacity 21160K, committed 21296K, reserved 1067008K
  class space    used 2958K, capacity 3125K, committed 3200K, reserved 1048576K
}
Event: 16.226 GC heap before
{Heap before GC invocations=9 (full 1):
 PSYoungGen      total 69632K, used 62464K [0x00000000e0000000, 0x00000000e4c00000, 0x0000000100000000)
  eden space 62464K, 100% used [0x00000000e0000000,0x00000000e3d00000,0x00000000e3d00000)
  from space 7168K, 0% used [0x00000000e3d00000,0x00000000e3d00000,0x00000000e4400000)
  to   space 6144K, 0% used [0x00000000e4400000,0x00000000e4400000,0x00000000e4a00000)
 ParOldGen       total 39424K, used 13554K [0x00000000a0000000, 0x00000000a2680000, 0x00000000e0000000)
  object space 39424K, 34% used [0x00000000a0000000,0x00000000a0d3c800,0x00000000a2680000)
 Metaspace       used 28153K, capacity 28676K, committed 28928K, reserved 1075200K
  class space    used 3850K, capacity 4029K, committed 4096K, reserved 1048576K
Event: 16.238 GC heap after
Heap after GC invocations=9 (full 1):
 PSYoungGen      total 65536K, used 6139K [0x00000000e0000000, 0x00000000e7580000, 0x0000000100000000)
  eden space 59392K, 0% used [0x00000000e0000000,0x00000000e0000000,0x00000000e3a00000)
  from space 6144K, 99% used [0x00000000e4400000,0x00000000e49fee20,0x00000000e4a00000)
  to   space 10240K, 0% used [0x00000000e3a00000,0x00000000e3a00000,0x00000000e4400000)
 ParOldGen       total 39424K, used 14707K [0x00000000a0000000, 0x00000000a2680000, 0x00000000e0000000)
  object space 39424K, 37% used [0x00000000a0000000,0x00000000a0e5cf48,0x00000000a2680000)
 Metaspace       used 28153K, capacity 28676K, committed 28928K, reserved 1075200K
  class space    used 3850K, capacity 4029K, committed 4096K, reserved 1048576K
}

