# JRE version: OpenJDK Runtime Environment (8.0_202-b03) (build 1.8.0_202-release-1483-b03)
# Java VM: OpenJDK 64-Bit Server VM (25.202-b03 mixed mode windows-amd64 compressed oops)
Heap:
 PSYoungGen      total 107008K, used 48259K [0x00000000e0000000, 0x00000000e8b00000, 0x0000000100000000)
  eden space 99328K, 41% used [0x00000000e0000000,0x00000000e27fff78,0x00000000e6100000)
  from space 7680K, 95% used [0x00000000e8380000,0x00000000e8aa0f78,0x00000000e8b00000)
  to   space 10240K, 0% used [0x00000000e7700000,0x00000000e7700000,0x00000000e8100000)
 ParOldGen       total 37888K, used 11305K [0x00000000a0000000, 0x00000000a2500000, 0x00000000e0000000)
  object space 37888K, 29% used [0x00000000a0000000,0x00000000a0b0a4b8,0x00000000a2500000)
 Metaspace       used 30403K, capacity 31034K, committed 31104K, reserved 1075200K
  class space    used 4208K, capacity 4420K, committed 4480K, reserved 1048576K
GC Heap History (10 events):
Event: 5.128 GC heap before
{Heap before GC invocations=5 (full 0):
 PSYoungGen      total 34304K, used 34304K [0x00000000e0000000, 0x00000000e2400000, 0x0000000100000000)
  eden space 31744K, 100% used [0x00000000e0000000,0x00000000e1f00000,0x00000000e1f00000)
  from space 2560K, 100% used [0x00000000e2180000,0x00000000e2400000,0x00000000e2400000)
  to   space 2560K, 0% used [0x00000000e1f00000,0x00000000e1f00000,0x00000000e2180000)
 ParOldGen       total 42496K, used 1869K [0x00000000a0000000, 0x00000000a2980000, 0x00000000e0000000)
  object space 42496K, 4% used [0x00000000a0000000,0x00000000a01d37e8,0x00000000a2980000)
 Metaspace       used 12991K, capacity 13390K, committed 13568K, reserved 1060864K
  class space    used 1787K, capacity 1931K, committed 2048K, reserved 1048576K
Event: 5.143 GC heap after
Heap after GC invocations=5 (full 0):
 PSYoungGen      total 34304K, used 2544K [0x00000000e0000000, 0x00000000e4a00000, 0x0000000100000000)
  eden space 31744K, 0% used [0x00000000e0000000,0x00000000e0000000,0x00000000e1f00000)
  from space 2560K, 99% used [0x00000000e1f00000,0x00000000e217c030,0x00000000e2180000)
  to   space 6144K, 0% used [0x00000000e4400000,0x00000000e4400000,0x00000000e4a00000)
 ParOldGen       total 42496K, used 5523K [0x00000000a0000000, 0x00000000a2980000, 0x00000000e0000000)
  object space 42496K, 12% used [0x00000000a0000000,0x00000000a0564d48,0x00000000a2980000)
 Metaspace       used 12991K, capacity 13390K, committed 13568K, reserved 1060864K
  class space    used 1787K, capacity 1931K, committed 2048K, reserved 1048576K
}
Event: 6.758 GC heap before
{Heap before GC invocations=6 (full 0):
 PSYoungGen      total 34304K, used 34288K [0x00000000e0000000, 0x00000000e4a00000, 0x0000000100000000)
  eden space 31744K, 100% used [0x00000000e0000000,0x00000000e1f00000,0x00000000e1f00000)
  from space 2560K, 99% used [0x00000000e1f00000,0x00000000e217c030,0x00000000e2180000)
  to   space 6144K, 0% used [0x00000000e4400000,0x00000000e4400000,0x00000000e4a00000)
 ParOldGen       total 42496K, used 5523K [0x00000000a0000000, 0x00000000a2980000, 0x00000000e0000000)
  object space 42496K, 12% used [0x00000000a0000000,0x00000000a0564d48,0x00000000a2980000)
 Metaspace       used 15680K, capacity 16132K, committed 16256K, reserved 1062912K
  class space    used 2229K, capacity 2360K, committed 2432K, reserved 1048576K
Event: 6.772 GC heap after
Heap after GC invocations=6 (full 0):
 PSYoungGen      total 68608K, used 6112K [0x00000000e0000000, 0x00000000e4c00000, 0x0000000100000000)
  eden space 62464K, 0% used [0x00000000e0000000,0x00000000e0000000,0x00000000e3d00000)
  from space 6144K, 99% used [0x00000000e4400000,0x00000000e49f8010,0x00000000e4a00000)
  to   space 7168K, 0% used [0x00000000e3d00000,0x00000000e3d00000,0x00000000e4400000)
 ParOldGen       total 42496K, used 5879K [0x00000000a0000000, 0x00000000a2980000, 0x00000000e0000000)
  object space 42496K, 13% used [0x00000000a0000000,0x00000000a05bdfc8,0x00000000a2980000)
 Metaspace       used 15680K, capacity 16132K, committed 16256K, reserved 1062912K
  class space    used 2229K, capacity 2360K, committed 2432K, reserved 1048576K
}
Event: 9.359 GC heap before
{Heap before GC invocations=7 (full 0):
 PSYoungGen      total 68608K, used 56732K [0x00000000e0000000, 0x00000000e4c00000, 0x0000000100000000)
  eden space 62464K, 81% used [0x00000000e0000000,0x00000000e316f2e8,0x00000000e3d00000)
  from space 6144K, 99% used [0x00000000e4400000,0x00000000e49f8010,0x00000000e4a00000)
  to   space 7168K, 0% used [0x00000000e3d00000,0x00000000e3d00000,0x00000000e4400000)
 ParOldGen       total 42496K, used 5879K [0x00000000a0000000, 0x00000000a2980000, 0x00000000e0000000)
  object space 42496K, 13% used [0x00000000a0000000,0x00000000a05bdfc8,0x00000000a2980000)
 Metaspace       used 20685K, capacity 21164K, committed 21296K, reserved 1067008K
  class space    used 2960K, capacity 3125K, committed 3200K, reserved 1048576K
Event: 9.380 GC heap after
Heap after GC invocations=7 (full 0):
 PSYoungGen      total 69632K, used 7145K [0x00000000e0000000, 0x00000000e8d00000, 0x0000000100000000)
  eden space 62464K, 0% used [0x00000000e0000000,0x00000000e0000000,0x00000000e3d00000)
  from space 7168K, 99% used [0x00000000e3d00000,0x00000000e43fa4b8,0x00000000e4400000)
  to   space 9728K, 0% used [0x00000000e8380000,0x00000000e8380000,0x00000000e8d00000)
 ParOldGen       total 42496K, used 8628K [0x00000000a0000000, 0x00000000a2980000, 0x00000000e0000000)
  object space 42496K, 20% used [0x00000000a0000000,0x00000000a086d248,0x00000000a2980000)
 Metaspace       used 20685K, capacity 21164K, committed 21296K, reserved 1067008K
  class space    used 2960K, capacity 3125K, committed 3200K, reserved 1048576K
}
Event: 9.380 GC heap before
{Heap before GC invocations=8 (full 1):
 PSYoungGen      total 69632K, used 7145K [0x00000000e0000000, 0x00000000e8d00000, 0x0000000100000000)
  eden space 62464K, 0% used [0x00000000e0000000,0x00000000e0000000,0x00000000e3d00000)
  from space 7168K, 99% used [0x00000000e3d00000,0x00000000e43fa4b8,0x00000000e4400000)
  to   space 9728K, 0% used [0x00000000e8380000,0x00000000e8380000,0x00000000e8d00000)
 ParOldGen       total 42496K, used 8628K [0x00000000a0000000, 0x00000000a2980000, 0x00000000e0000000)
  object space 42496K, 20% used [0x00000000a0000000,0x00000000a086d248,0x00000000a2980000)
 Metaspace       used 20685K, capacity 21164K, committed 21296K, reserved 1067008K
  class space    used 2960K, capacity 3125K, committed 3200K, reserved 1048576K
Event: 9.460 GC heap after
Heap after GC invocations=8 (full 1):
 PSYoungGen      total 69632K, used 0K [0x00000000e0000000, 0x00000000e8d00000, 0x0000000100000000)
  eden space 62464K, 0% used [0x00000000e0000000,0x00000000e0000000,0x00000000e3d00000)
  from space 7168K, 0% used [0x00000000e3d00000,0x00000000e3d00000,0x00000000e4400000)
  to   space 9728K, 0% used [0x00000000e8380000,0x00000000e8380000,0x00000000e8d00000)
 ParOldGen       total 37888K, used 11305K [0x00000000a0000000, 0x00000000a2500000, 0x00000000e0000000)
  object space 37888K, 29% used [0x00000000a0000000,0x00000000a0b0a4b8,0x00000000a2500000)
 Metaspace       used 20685K, capacity 21164K, committed 21296K, reserved 1067008K
  class space    used 2960K, capacity 3125K, committed 3200K, reserved 1048576K
}
Event: 11.553 GC heap before
{Heap before GC invocations=9 (full 1):
 PSYoungGen      total 69632K, used 62464K [0x00000000e0000000, 0x00000000e8d00000, 0x0000000100000000)
  eden space 62464K, 100% used [0x00000000e0000000,0x00000000e3d00000,0x00000000e3d00000)
  from space 7168K, 0% used [0x00000000e3d00000,0x00000000e3d00000,0x00000000e4400000)
  to   space 9728K, 0% used [0x00000000e8380000,0x00000000e8380000,0x00000000e8d00000)
 ParOldGen       total 37888K, used 11305K [0x00000000a0000000, 0x00000000a2500000, 0x00000000e0000000)
  object space 37888K, 29% used [0x00000000a0000000,0x00000000a0b0a4b8,0x00000000a2500000)
 Metaspace       used 28198K, capacity 28744K, committed 28928K, reserved 1075200K
  class space    used 3855K, capacity 4029K, committed 4096K, reserved 1048576K
Event: 11.581 GC heap after
Heap after GC invocations=9 (full 1):
 PSYoungGen      total 107008K, used 7299K [0x00000000e0000000, 0x00000000e8b00000, 0x0000000100000000)
  eden space 99328K, 0% used [0x00000000e0000000,0x00000000e0000000,0x00000000e6100000)
  from space 7680K, 95% used [0x00000000e8380000,0x00000000e8aa0f78,0x00000000e8b00000)
  to   space 10240K, 0% used [0x00000000e7700000,0x00000000e7700000,0x00000000e8100000)
 ParOldGen       total 37888K, used 11305K [0x00000000a0000000, 0x00000000a2500000, 0x00000000e0000000)
  object space 37888K, 29% used [0x00000000a0000000,0x00000000a0b0a4b8,0x00000000a2500000)
 Metaspace       used 28198K, capacity 28744K, committed 28928K, reserved 1075200K
  class space    used 3855K, capacity 4029K, committed 4096K, reserved 1048576K
}

