# JRE version: OpenJDK Runtime Environment (8.0_202-b03) (build 1.8.0_202-release-1483-b03)
# Java VM: OpenJDK 64-Bit Server VM (25.202-b03 mixed mode windows-amd64 compressed oops)
Heap:
 PSYoungGen      total 202240K, used 11254K [0x00000000e0000000, 0x00000000ed900000, 0x0000000100000000)
  eden space 185856K, 6% used [0x00000000e0000000,0x00000000e0afd940,0x00000000eb580000)
  from space 16384K, 0% used [0x00000000ec600000,0x00000000ec600000,0x00000000ed600000)
  to   space 16896K, 0% used [0x00000000eb580000,0x00000000eb580000,0x00000000ec600000)
 ParOldGen       total 84992K, used 34457K [0x00000000a0000000, 0x00000000a5300000, 0x00000000e0000000)
  object space 84992K, 40% used [0x00000000a0000000,0x00000000a21a65c8,0x00000000a5300000)
 Metaspace       used 57438K, capacity 59294K, committed 59352K, reserved 1099776K
  class space    used 7709K, capacity 8116K, committed 8152K, reserved 1048576K
GC Heap History (10 events):
Event: 25.618 GC heap before
{Heap before GC invocations=11 (full 1):
 PSYoungGen      total 132096K, used 19661K [0x00000000e0000000, 0x00000000ea580000, 0x0000000100000000)
  eden space 121856K, 7% used [0x00000000e0000000,0x00000000e0939b90,0x00000000e7700000)
  from space 10240K, 99% used [0x00000000e7700000,0x00000000e80f9920,0x00000000e8100000)
  to   space 12800K, 0% used [0x00000000e9900000,0x00000000e9900000,0x00000000ea580000)
 ParOldGen       total 38400K, used 15865K [0x00000000a0000000, 0x00000000a2580000, 0x00000000e0000000)
  object space 38400K, 41% used [0x00000000a0000000,0x00000000a0f7e410,0x00000000a2580000)
 Metaspace       used 34564K, capacity 35430K, committed 35456K, reserved 1079296K
  class space    used 4767K, capacity 4987K, committed 4992K, reserved 1048576K
Event: 25.639 GC heap after
Heap after GC invocations=11 (full 1):
 PSYoungGen      total 157184K, used 5792K [0x00000000e0000000, 0x00000000ebc80000, 0x0000000100000000)
  eden space 144384K, 0% used [0x00000000e0000000,0x00000000e0000000,0x00000000e8d00000)
  from space 12800K, 45% used [0x00000000e9900000,0x00000000e9ea8000,0x00000000ea580000)
  to   space 12288K, 0% used [0x00000000e8d00000,0x00000000e8d00000,0x00000000e9900000)
 ParOldGen       total 38400K, used 18702K [0x00000000a0000000, 0x00000000a2580000, 0x00000000e0000000)
  object space 38400K, 48% used [0x00000000a0000000,0x00000000a1243b60,0x00000000a2580000)
 Metaspace       used 34564K, capacity 35430K, committed 35456K, reserved 1079296K
  class space    used 4767K, capacity 4987K, committed 4992K, reserved 1048576K
}
Event: 25.639 GC heap before
{Heap before GC invocations=12 (full 2):
 PSYoungGen      total 157184K, used 5792K [0x00000000e0000000, 0x00000000ebc80000, 0x0000000100000000)
  eden space 144384K, 0% used [0x00000000e0000000,0x00000000e0000000,0x00000000e8d00000)
  from space 12800K, 45% used [0x00000000e9900000,0x00000000e9ea8000,0x00000000ea580000)
  to   space 12288K, 0% used [0x00000000e8d00000,0x00000000e8d00000,0x00000000e9900000)
 ParOldGen       total 38400K, used 18702K [0x00000000a0000000, 0x00000000a2580000, 0x00000000e0000000)
  object space 38400K, 48% used [0x00000000a0000000,0x00000000a1243b60,0x00000000a2580000)
 Metaspace       used 34564K, capacity 35430K, committed 35456K, reserved 1079296K
  class space    used 4767K, capacity 4987K, committed 4992K, reserved 1048576K
Event: 25.805 GC heap after
Heap after GC invocations=12 (full 2):
 PSYoungGen      total 157184K, used 0K [0x00000000e0000000, 0x00000000ebc80000, 0x0000000100000000)
  eden space 144384K, 0% used [0x00000000e0000000,0x00000000e0000000,0x00000000e8d00000)
  from space 12800K, 0% used [0x00000000e9900000,0x00000000e9900000,0x00000000ea580000)
  to   space 12288K, 0% used [0x00000000e8d00000,0x00000000e8d00000,0x00000000e9900000)
 ParOldGen       total 51200K, used 15607K [0x00000000a0000000, 0x00000000a3200000, 0x00000000e0000000)
  object space 51200K, 30% used [0x00000000a0000000,0x00000000a0f3dff0,0x00000000a3200000)
 Metaspace       used 34564K, capacity 35430K, committed 35456K, reserved 1079296K
  class space    used 4767K, capacity 4987K, committed 4992K, reserved 1048576K
}
Event: 36.340 GC heap before
{Heap before GC invocations=13 (full 2):
 PSYoungGen      total 157184K, used 144384K [0x00000000e0000000, 0x00000000ebc80000, 0x0000000100000000)
  eden space 144384K, 100% used [0x00000000e0000000,0x00000000e8d00000,0x00000000e8d00000)
  from space 12800K, 0% used [0x00000000e9900000,0x00000000e9900000,0x00000000ea580000)
  to   space 12288K, 0% used [0x00000000e8d00000,0x00000000e8d00000,0x00000000e9900000)
 ParOldGen       total 51200K, used 15607K [0x00000000a0000000, 0x00000000a3200000, 0x00000000e0000000)
  object space 51200K, 30% used [0x00000000a0000000,0x00000000a0f3dff0,0x00000000a3200000)
 Metaspace       used 48657K, capacity 49998K, committed 50304K, reserved 1093632K
  class space    used 6465K, capacity 6735K, committed 6784K, reserved 1048576K
Event: 36.374 GC heap after
Heap after GC invocations=13 (full 2):
 PSYoungGen      total 156672K, used 12258K [0x00000000e0000000, 0x00000000ed600000, 0x0000000100000000)
  eden space 144384K, 0% used [0x00000000e0000000,0x00000000e0000000,0x00000000e8d00000)
  from space 12288K, 99% used [0x00000000e8d00000,0x00000000e98f8978,0x00000000e9900000)
  to   space 16384K, 0% used [0x00000000ec600000,0x00000000ec600000,0x00000000ed600000)
 ParOldGen       total 51200K, used 22061K [0x00000000a0000000, 0x00000000a3200000, 0x00000000e0000000)
  object space 51200K, 43% used [0x00000000a0000000,0x00000000a158b430,0x00000000a3200000)
 Metaspace       used 48657K, capacity 49998K, committed 50304K, reserved 1093632K
  class space    used 6465K, capacity 6735K, committed 6784K, reserved 1048576K
}
Event: 39.750 GC heap before
{Heap before GC invocations=14 (full 2):
 PSYoungGen      total 156672K, used 122500K [0x00000000e0000000, 0x00000000ed600000, 0x0000000100000000)
  eden space 144384K, 76% used [0x00000000e0000000,0x00000000e6ba8798,0x00000000e8d00000)
  from space 12288K, 99% used [0x00000000e8d00000,0x00000000e98f8978,0x00000000e9900000)
  to   space 16384K, 0% used [0x00000000ec600000,0x00000000ec600000,0x00000000ed600000)
 ParOldGen       total 51200K, used 22061K [0x00000000a0000000, 0x00000000a3200000, 0x00000000e0000000)
  object space 51200K, 43% used [0x00000000a0000000,0x00000000a158b430,0x00000000a3200000)
 Metaspace       used 57150K, capacity 59016K, committed 59096K, reserved 1099776K
  class space    used 7657K, capacity 8077K, committed 8152K, reserved 1048576K
Event: 39.797 GC heap after
Heap after GC invocations=14 (full 2):
 PSYoungGen      total 202240K, used 11703K [0x00000000e0000000, 0x00000000ed900000, 0x0000000100000000)
  eden space 185856K, 0% used [0x00000000e0000000,0x00000000e0000000,0x00000000eb580000)
  from space 16384K, 71% used [0x00000000ec600000,0x00000000ed16dc80,0x00000000ed600000)
  to   space 16896K, 0% used [0x00000000eb580000,0x00000000eb580000,0x00000000ec600000)
 ParOldGen       total 51200K, used 30804K [0x00000000a0000000, 0x00000000a3200000, 0x00000000e0000000)
  object space 51200K, 60% used [0x00000000a0000000,0x00000000a1e153b8,0x00000000a3200000)
 Metaspace       used 57150K, capacity 59016K, committed 59096K, reserved 1099776K
  class space    used 7657K, capacity 8077K, committed 8152K, reserved 1048576K
}
Event: 39.797 GC heap before
{Heap before GC invocations=15 (full 3):
 PSYoungGen      total 202240K, used 11703K [0x00000000e0000000, 0x00000000ed900000, 0x0000000100000000)
  eden space 185856K, 0% used [0x00000000e0000000,0x00000000e0000000,0x00000000eb580000)
  from space 16384K, 71% used [0x00000000ec600000,0x00000000ed16dc80,0x00000000ed600000)
  to   space 16896K, 0% used [0x00000000eb580000,0x00000000eb580000,0x00000000ec600000)
 ParOldGen       total 51200K, used 30804K [0x00000000a0000000, 0x00000000a3200000, 0x00000000e0000000)
  object space 51200K, 60% used [0x00000000a0000000,0x00000000a1e153b8,0x00000000a3200000)
 Metaspace       used 57150K, capacity 59016K, committed 59096K, reserved 1099776K
  class space    used 7657K, capacity 8077K, committed 8152K, reserved 1048576K
Event: 40.122 GC heap after
Heap after GC invocations=15 (full 3):
 PSYoungGen      total 202240K, used 0K [0x00000000e0000000, 0x00000000ed900000, 0x0000000100000000)
  eden space 185856K, 0% used [0x00000000e0000000,0x00000000e0000000,0x00000000eb580000)
  from space 16384K, 0% used [0x00000000ec600000,0x00000000ec600000,0x00000000ed600000)
  to   space 16896K, 0% used [0x00000000eb580000,0x00000000eb580000,0x00000000ec600000)
 ParOldGen       total 84992K, used 34457K [0x00000000a0000000, 0x00000000a5300000, 0x00000000e0000000)
  object space 84992K, 40% used [0x00000000a0000000,0x00000000a21a65c8,0x00000000a5300000)
 Metaspace       used 57119K, capacity 58910K, committed 59096K, reserved 1099776K
  class space    used 7649K, capacity 8066K, committed 8152K, reserved 1048576K
}

