# JRE version: OpenJDK Runtime Environment (8.0_202-b03) (build 1.8.0_202-release-1483-b03)
# Java VM: OpenJDK 64-Bit Server VM (25.202-b03 mixed mode windows-amd64 compressed oops)
Heap:
 PSYoungGen      total 20992K, used 13982K [0x00000000e0000000, 0x00000000e2900000, 0x0000000100000000)
  eden space 15872K, 64% used [0x00000000e0000000,0x00000000e09f08e0,0x00000000e0f80000)
  from space 5120K, 74% used [0x00000000e0f80000,0x00000000e1337068,0x00000000e1480000)
  to   space 5120K, 0% used [0x00000000e2400000,0x00000000e2400000,0x00000000e2900000)
 ParOldGen       total 42496K, used 5136K [0x00000000a0000000, 0x00000000a2980000, 0x00000000e0000000)
  object space 42496K, 12% used [0x00000000a0000000,0x00000000a0504070,0x00000000a2980000)
 Metaspace       used 15216K, capacity 15608K, committed 15872K, reserved 1062912K
  class space    used 2157K, capacity 2294K, committed 2304K, reserved 1048576K
GC Heap History (10 events):
Event: 4.394 GC heap before
{Heap before GC invocations=3 (full 0):
 PSYoungGen      total 18432K, used 18418K [0x00000000e0000000, 0x00000000e1480000, 0x0000000100000000)
  eden space 15872K, 100% used [0x00000000e0000000,0x00000000e0f80000,0x00000000e0f80000)
  from space 2560K, 99% used [0x00000000e1200000,0x00000000e147ca08,0x00000000e1480000)
  to   space 2560K, 0% used [0x00000000e0f80000,0x00000000e0f80000,0x00000000e1200000)
 ParOldGen       total 42496K, used 433K [0x00000000a0000000, 0x00000000a2980000, 0x00000000e0000000)
  object space 42496K, 1% used [0x00000000a0000000,0x00000000a006c798,0x00000000a2980000)
 Metaspace       used 7144K, capacity 7388K, committed 7680K, reserved 1056768K
  class space    used 873K, capacity 980K, committed 1024K, reserved 1048576K
Event: 4.400 GC heap after
Heap after GC invocations=3 (full 0):
 PSYoungGen      total 18432K, used 2548K [0x00000000e0000000, 0x00000000e1480000, 0x0000000100000000)
  eden space 15872K, 0% used [0x00000000e0000000,0x00000000e0000000,0x00000000e0f80000)
  from space 2560K, 99% used [0x00000000e0f80000,0x00000000e11fd3a0,0x00000000e1200000)
  to   space 2560K, 0% used [0x00000000e1200000,0x00000000e1200000,0x00000000e1480000)
 ParOldGen       total 42496K, used 710K [0x00000000a0000000, 0x00000000a2980000, 0x00000000e0000000)
  object space 42496K, 1% used [0x00000000a0000000,0x00000000a00b1ad0,0x00000000a2980000)
 Metaspace       used 7144K, capacity 7388K, committed 7680K, reserved 1056768K
  class space    used 873K, capacity 980K, committed 1024K, reserved 1048576K
}
Event: 5.434 GC heap before
{Heap before GC invocations=4 (full 0):
 PSYoungGen      total 18432K, used 18420K [0x00000000e0000000, 0x00000000e1480000, 0x0000000100000000)
  eden space 15872K, 100% used [0x00000000e0000000,0x00000000e0f80000,0x00000000e0f80000)
  from space 2560K, 99% used [0x00000000e0f80000,0x00000000e11fd3a0,0x00000000e1200000)
  to   space 2560K, 0% used [0x00000000e1200000,0x00000000e1200000,0x00000000e1480000)
 ParOldGen       total 42496K, used 710K [0x00000000a0000000, 0x00000000a2980000, 0x00000000e0000000)
  object space 42496K, 1% used [0x00000000a0000000,0x00000000a00b1ad0,0x00000000a2980000)
 Metaspace       used 8574K, capacity 8798K, committed 8960K, reserved 1056768K
  class space    used 1101K, capacity 1173K, committed 1280K, reserved 1048576K
Event: 5.456 GC heap after
Heap after GC invocations=4 (full 0):
 PSYoungGen      total 18432K, used 2544K [0x00000000e0000000, 0x00000000e2400000, 0x0000000100000000)
  eden space 15872K, 0% used [0x00000000e0000000,0x00000000e0000000,0x00000000e0f80000)
  from space 2560K, 99% used [0x00000000e1200000,0x00000000e147c010,0x00000000e1480000)
  to   space 2560K, 0% used [0x00000000e0f80000,0x00000000e0f80000,0x00000000e1200000)
 ParOldGen       total 42496K, used 1897K [0x00000000a0000000, 0x00000000a2980000, 0x00000000e0000000)
  object space 42496K, 4% used [0x00000000a0000000,0x00000000a01da600,0x00000000a2980000)
 Metaspace       used 8574K, capacity 8798K, committed 8960K, reserved 1056768K
  class space    used 1101K, capacity 1173K, committed 1280K, reserved 1048576K
}
Event: 7.477 GC heap before
{Heap before GC invocations=5 (full 0):
 PSYoungGen      total 18432K, used 18416K [0x00000000e0000000, 0x00000000e2400000, 0x0000000100000000)
  eden space 15872K, 100% used [0x00000000e0000000,0x00000000e0f80000,0x00000000e0f80000)
  from space 2560K, 99% used [0x00000000e1200000,0x00000000e147c010,0x00000000e1480000)
  to   space 2560K, 0% used [0x00000000e0f80000,0x00000000e0f80000,0x00000000e1200000)
 ParOldGen       total 42496K, used 1897K [0x00000000a0000000, 0x00000000a2980000, 0x00000000e0000000)
  object space 42496K, 4% used [0x00000000a0000000,0x00000000a01da600,0x00000000a2980000)
 Metaspace       used 12101K, capacity 12454K, committed 12544K, reserved 1060864K
  class space    used 1616K, capacity 1729K, committed 1792K, reserved 1048576K
Event: 7.490 GC heap after
Heap after GC invocations=5 (full 0):
 PSYoungGen      total 18432K, used 2560K [0x00000000e0000000, 0x00000000e1980000, 0x0000000100000000)
  eden space 15872K, 0% used [0x00000000e0000000,0x00000000e0000000,0x00000000e0f80000)
  from space 2560K, 100% used [0x00000000e0f80000,0x00000000e1200000,0x00000000e1200000)
  to   space 5120K, 0% used [0x00000000e1480000,0x00000000e1480000,0x00000000e1980000)
 ParOldGen       total 42496K, used 4176K [0x00000000a0000000, 0x00000000a2980000, 0x00000000e0000000)
  object space 42496K, 9% used [0x00000000a0000000,0x00000000a0414030,0x00000000a2980000)
 Metaspace       used 12101K, capacity 12454K, committed 12544K, reserved 1060864K
  class space    used 1616K, capacity 1729K, committed 1792K, reserved 1048576K
}
Event: 7.872 GC heap before
{Heap before GC invocations=6 (full 0):
 PSYoungGen      total 18432K, used 18432K [0x00000000e0000000, 0x00000000e1980000, 0x0000000100000000)
  eden space 15872K, 100% used [0x00000000e0000000,0x00000000e0f80000,0x00000000e0f80000)
  from space 2560K, 100% used [0x00000000e0f80000,0x00000000e1200000,0x00000000e1200000)
  to   space 5120K, 0% used [0x00000000e1480000,0x00000000e1480000,0x00000000e1980000)
 ParOldGen       total 42496K, used 4176K [0x00000000a0000000, 0x00000000a2980000, 0x00000000e0000000)
  object space 42496K, 9% used [0x00000000a0000000,0x00000000a0414030,0x00000000a2980000)
 Metaspace       used 13185K, capacity 13602K, committed 13824K, reserved 1060864K
  class space    used 1810K, capacity 1961K, committed 2048K, reserved 1048576K
Event: 7.882 GC heap after
Heap after GC invocations=6 (full 0):
 PSYoungGen      total 20992K, used 4107K [0x00000000e0000000, 0x00000000e2900000, 0x0000000100000000)
  eden space 15872K, 0% used [0x00000000e0000000,0x00000000e0000000,0x00000000e0f80000)
  from space 5120K, 80% used [0x00000000e1480000,0x00000000e1882fb8,0x00000000e1980000)
  to   space 5120K, 0% used [0x00000000e0f80000,0x00000000e0f80000,0x00000000e1480000)
 ParOldGen       total 42496K, used 4176K [0x00000000a0000000, 0x00000000a2980000, 0x00000000e0000000)
  object space 42496K, 9% used [0x00000000a0000000,0x00000000a0414030,0x00000000a2980000)
 Metaspace       used 13185K, capacity 13602K, committed 13824K, reserved 1060864K
  class space    used 1810K, capacity 1961K, committed 2048K, reserved 1048576K
}
Event: 8.339 GC heap before
{Heap before GC invocations=7 (full 0):
 PSYoungGen      total 20992K, used 19979K [0x00000000e0000000, 0x00000000e2900000, 0x0000000100000000)
  eden space 15872K, 100% used [0x00000000e0000000,0x00000000e0f80000,0x00000000e0f80000)
  from space 5120K, 80% used [0x00000000e1480000,0x00000000e1882fb8,0x00000000e1980000)
  to   space 5120K, 0% used [0x00000000e0f80000,0x00000000e0f80000,0x00000000e1480000)
 ParOldGen       total 42496K, used 4176K [0x00000000a0000000, 0x00000000a2980000, 0x00000000e0000000)
  object space 42496K, 9% used [0x00000000a0000000,0x00000000a0414030,0x00000000a2980000)
 Metaspace       used 14417K, capacity 14794K, committed 14976K, reserved 1062912K
  class space    used 2019K, capacity 2125K, committed 2176K, reserved 1048576K
Event: 8.351 GC heap after
Heap after GC invocations=7 (full 0):
 PSYoungGen      total 20992K, used 3804K [0x00000000e0000000, 0x00000000e2900000, 0x0000000100000000)
  eden space 15872K, 0% used [0x00000000e0000000,0x00000000e0000000,0x00000000e0f80000)
  from space 5120K, 74% used [0x00000000e0f80000,0x00000000e1337068,0x00000000e1480000)
  to   space 5120K, 0% used [0x00000000e2400000,0x00000000e2400000,0x00000000e2900000)
 ParOldGen       total 42496K, used 5136K [0x00000000a0000000, 0x00000000a2980000, 0x00000000e0000000)
  object space 42496K, 12% used [0x00000000a0000000,0x00000000a0504070,0x00000000a2980000)
 Metaspace       used 14417K, capacity 14794K, committed 14976K, reserved 1062912K
  class space    used 2019K, capacity 2125K, committed 2176K, reserved 1048576K
}

